pipeline {
    options {
        disableConcurrentBuilds()
    }

    environment {
        CONTEXT_NAME        = 'etendo'
        BBDD_SID            = 'etendo'
        BBDD_PORT           = '5432'
        BBDD_SYSTEMUSER     = 'postgres'
        BBDD_SYSTEMPASS     = 'syspass'
        BBDD_USER           = 'tad'
        BBDD_PASSWORD       = 'tad'
        NEXUS_USER          = credentials('nexus-admin-user')
        NEXUS_PASSWORD      = credentials('nexus-admin-passwd')
        GITHUB_USER         = 'etendobot'
        GITHUB_TOKEN        = credentials('github-read-package-token')
        JAVA_HOME           = '/opt/java/openjdk/'
        ACCESS_TOKEN        = credentials('access_token_github')
        EMAIL_ADDRESS       = credentials('email_builds')
        URL_REPO            = 'https://github.com/etendosoftware/etendo_rx'
        COMMIT_AUTHOR_NAME  = sh(returnStdout: true, script: "git log -1 --pretty=format:'%an'").trim()
        COMMIT_AUTHOR_EMAIL = sh(returnStdout: true, script: "git log -1 --pretty=format:'%ae'").trim()
        CATALINA_HOME       = "${WORKSPACE}/apache-tomcat-8.5.75"
        STATUSCORE          = "1"
        BUILD_CLASSIC       = true
        DOCKER_HOST         = '/home/jenkins/docker.sock'
        DOCKER_TLS_VERIFY   = 0
    }

    agent {
        kubernetes {
            inheritFrom 'jenkins-node-rx'
            defaultContainer 'jnlp'
            yaml """
apiVersion: v1
kind: Pod
metadata:
  name: jenkins-node-core-unittests-rx
  namespace: jenkins
  labels:
    app.kubernetes.io/name: jenkins-node-core-unittests-rx
spec:
  containers:
    - name: compiler
      image: etendo/compiler_jenkins:1.0.7
      ports:
        - name: ssh
          containerPort: 22
          protocol: TCP
        - name: visualvm
          containerPort: 8000
          protocol: TCP
      resources:
        limits:
          cpu: 3072m
          memory: 5000Mi
        requests:
          cpu: 3072m
          memory: 5000Mi
      volumeMounts:
        - name: rsa-keys
          mountPath: /root/.ssh/
        - name: docker-sock
          mountPath: /var/run/docker.sock
      lifecycle:
        postStart:
          exec:
            command:
              - bash
              - '-c'
              - >-
                chmod a+x /var/run/docker.sock && rm
                /etc/apt/sources.list.d/pgdg.list || echo 0 && apt update && apt
                install -y curl
      terminationMessagePath: /dev/termination-log
      terminationMessagePolicy: File
      imagePullPolicy: IfNotPresent
    - name: postgres
      image: postgres:14
      workingDir: /home/jenkins
      env:
        - name: POSTGRES_PASSWORD
          value: syspass
      resources: {}
      terminationMessagePath: /dev/termination-log
      terminationMessagePolicy: File
      imagePullPolicy: IfNotPresent
  volumes:
    - name: rsa-keys
      configMap:
        name: rsa-keys
        defaultMode: 384
    - name: docker-sock
      hostPath:
        path: /var/run/docker.sock
  restartPolicy: Always
  terminationGracePeriodSeconds: 30
  dnsPolicy: ClusterFirst
  serviceAccountName: default
  serviceAccount: default
  securityContext:
    privileged: true

"""
        }
    }
    stages {
        stage ('Test environment') {
            steps {
                container('compiler') {
                    script {
                        try {
                            echo "Starting Environment tests"
                            sh """
                            export DOCKER_HOST=/var/run/docker.sock
                            export JAVA_HOME=/usr/lib/jvm/java-17-openjdk-amd64
                            git clone --branch $BRANCH_NAME https://github.com/etendosoftware/etendo_rx
                            cd etendo_rx
                            cp gradle.properties.template gradle.properties
                            sed -i 's/^githubUser=.*/githubUser=${GITHUB_USER}/' gradle.properties
                            sed -i 's/^githubToken=.*/githubToken=${GITHUB_TOKEN}/' gradle.properties
                            sed -i 's/^grpc.enabled=.*/grpc.enabled=true/' gradle.properties
                            sed -i 's/^data-rest.enabled=.*/data-rest.enabled=true/' gradle.properties
                            mkdir -p modules
                            ./gradlew :setup
                            """
                            '...Environment TESTS SUCCESSFUL...'
                        } catch (Exception e) {
                            echo 'Exception occurred: ' + e.toString()
                            echo '...Environment TEST FAILED...'
                            currentBuild.result = 'UNSTABLE'
                            unstable('Environment TESTS FAILED!')
                            env.STATUSTEST = "0"
                        }
                    }
                }
            }
        }
        stage ('Build Environment Etendo Core') {
            when {
                expression {
                    env.BUILD_CLASSIC == "true"
                }
            }
            steps {
                sh './pipelines/run-tests/build-update.sh etendo_rx pending "Build Environment Etendo Core" $ACCESS_TOKEN $GIT_COMMIT $BUILD_URL'
                withCredentials([sshUserPrivateKey(credentialsId: 'my-credentials', keyFileVariable: 'keyfile')]) {
                    withCredentials([usernamePassword(credentialsId: "koodu_credentials", passwordVariable: 'GIT_PASSWORD', usernameVariable: 'GIT_USERNAME')]) {
                        sh 'mkdir -p ~/.ssh && ssh-keyscan bitbucket.org >> ~/.ssh/known_hosts'
                        sh """
                        git config user.name "$GIT_USERNAME"
                        git config user.email "$GIT_USERNAME"
                        """

                        // Clone Etendo Core
                        sh 'GIT_SSH_COMMAND=\"ssh -i ${keyfile}\" git clone --branch develop git@github.com:etendosoftware/etendo_core.git etendo_core'

                        // Setup environment
                        sh 'printenv'
                        script {
                            try {
                                echo 'Building Etendo Core'
                                dir("etendo_core") {
                                    sh """
                                    echo -e "context.name=${CONTEXT_NAME}\n
                                    bbdd.sid=${BBDD_SID}\n
                                    bbdd.port=${BBDD_PORT}\n
                                    bbdd.systemUser=${BBDD_SYSTEMUSER}\n
                                    bbdd.systemPassword=${BBDD_SYSTEMPASS}\n
                                    bbdd.user=${BBDD_USER}\n
                                    bbdd.password=${BBDD_PASSWORD}\n
                                    nexusUser=${NEXUS_USER}\n
                                    nexusPassword=${NEXUS_PASSWORD}\n
                                    githubUser=${GITHUB_USER}\n
                                    githubToken=${GITHUB_TOKEN}\n
                                    allow.root=true\n
                                    org.gradle.jvmargs=-Dfile.encoding=UTF-8" > gradle.properties
                                    """
                                    sh './gradlew prepareConfig --info --stacktrace'
                                    sh './gradlew setup --info --stacktrace'
                                    sh './gradlew expandModules --info --stacktrace'
                                    sh """
                                    cd modules
                                    GIT_SSH_COMMAND=\"ssh -i ${keyfile}\" git clone --branch develop git@bitbucket.org:koodu_software/com.etendoerp.etendorx.git
                                    """
                                    sh './gradlew install --info --stacktrace'
                                    sh './gradlew smartbuild --info --stacktrace'
                                    echo 'Build of Etendo Core Finished'
                                    env.STATUSCORE = "1"
                                    env.STATUSRX = "0"
                                }
                            } catch (Exception e) {
                                echo 'Build of Etendo Core FAILED'
                                currentBuild.result = 'FAILED'
                                error('Build Etendo Core FAILED!')
                                env.STATUSCORE = "0"
                            }
                        }
                    }
                }
            }
        }
        stage ('Build Environment Etendo RX') {
            when {
                expression {
                    env.STATUSCORE == "1"
                }
            }
            steps {
                container('compiler') {
                    script {
                        try {
                            echo 'Building Etendo RX'
                            sh 'printenv'
                            sh """
                            export DOCKER_HOST=/var/run/docker.sock
                            export JAVA_HOME=/usr/lib/jvm/java-17-openjdk-amd64
                            cd etendo_rx
                            ./pipelines/run-tests/build-update.sh etendo_rx pending "Build Environment Etendo RX" $ACCESS_TOKEN $GIT_COMMIT $BUILD_URL
                            mkdir -p modules
                            ./gradlew generate.entities --info
                            """
                            echo 'Build of Etendo RX Finished'
                            env.STATUSRX = "1"
                        } catch (Exception e) {
                            echo 'Build of Etendo RX FAILED'
                            currentBuild.result = 'FAILED'
                            error('Build of Etendo RX FAILED!')
                            env.STATUSRX = "0"
                        }
                    }
                }
            }
        }
        stage ("Run AsyncProcess Tests") {
            when {
                expression {
                    false
                }
            }
            steps {
                script {
                    try {
                        env.STATUSTEST = "1"
                        echo "Starting AsyncProcess tests"
                        sh """
                        cd etendo_rx
                        ./gradlew :com.etendorx.asyncprocess:test --info
                        """
                        '...ASYNPROCESS TESTS SUCCESSFUL...'
                    } catch (Exception e) {
                        echo 'Exception occurred: ' + e.toString()
                        echo '...ASYNPROCESS TESTS FAILED...'
                        currentBuild.result = 'UNSTABLE'
                        unstable('ASYNPROCESS TESTS FAILED!')
                        env.STATUSTEST = "0"
                    }
                    publishHTML([
                        allowMissing: false,
                        alwaysLinkToLastBuild: false,
                        keepAll: true,
                        reportDir: 'etendo_rx/modules_core/com.etendorx.asyncprocess/build/reports/tests/test',
                        reportFiles: '*.html',
                        reportName: 'ASYNPROCESS TESTS REPORT',
                        reportTitles: ''
                    ])
                }
            }
        }
        stage ("Run Auth Tests") {
            when {
                expression {
                    env.STATUSRX == "1"
                }
            }
            steps {
                container("compiler") {
                    script {
                        try {
                            echo "Starting Auth tests"
                            sh """
                            export DOCKER_HOST=/var/run/docker.sock
                            export JAVA_HOME=/usr/lib/jvm/java-17-openjdk-amd64
                            cd etendo_rx
                            ./gradlew :com.etendorx.auth:test --info
                            """
                            '...AUTH TESTS SUCCESSFUL...'
                        } catch (Exception e) {
                            echo 'Exception occurred: ' + e.toString()
                            echo '...AUTH TESTS FAILED...'
                            currentBuild.result = 'UNSTABLE'
                            unstable('AUTH TESTS FAILED!')
                            env.STATUSTEST = "0"
                        }
                        if(fileExists('etendo_rx/modules_core/com.etendorx.auth/build/reports/tests/test')) {
                            publishHTML([
                                allowMissing: false,
                                alwaysLinkToLastBuild: false,
                                keepAll: true,
                                reportDir: 'etendo_rx/modules_core/com.etendorx.auth/build/reports/tests/test',
                                reportFiles: '*.html',
                                reportName: 'AUTH TESTS REPORT',
                                reportTitles: ''
                            ])
                        }
                    }
                }
            }
        }
        stage ("Run Das Tests") {
            when {
                expression {
                    env.STATUSRX == "1"
                }
            }
            steps {
                container("compiler") {
                    script {
                        try {
                            echo "Starting Das tests"
                            sh """
                            export DOCKER_HOST=/var/run/docker.sock
                            export JAVA_HOME=/usr/lib/jvm/java-17-openjdk-amd64
                            cd etendo_rx
                            ./gradlew :com.etendorx.das:test --info --tests com.etendorx.das.test.RepositoryTest
                            ./gradlew :com.etendorx.das:test --info --tests com.etendorx.das.test.RestCallTest
                            ./gradlew :com.etendorx.das:test --info --tests com.etendorx.das.test.DefaultFiltersTest
                            ./gradlew :com.etendorx.das:test --info --tests com.etendorx.das.test.eventhandlertest.test.AnnotationTests
                            ./gradlew :com.etendorx.das:test --info --tests com.etendorx.das.unit.BindedRestControllerTest
                            ./gradlew :com.etendorx.das:test --info --tests com.etendorx.das.unit.JsonPathEntityRetrieverDefaultTest
                            ./gradlew :com.etendorx.das:test --info --tests com.etendorx.das.unit.MappingUtilsImplTest
                            ./gradlew :com.etendorx.das:test --info --tests com.etendorx.das.test.DisableEnableTriggersTest
                            ./gradlew :com.etendorx.das:test --info --tests com.etendorx.das.test.FieldMappingRestCallTest
                            ./gradlew :com.etendorx.das:test --info --tests com.etendorx.das.integration.PropertyMetadataTest
                            ./gradlew :com.etendorx.das:test --info --tests com.etendorx.das.unit.BaseDTORepositoryDefaultTests
                            ./gradlew :com.etendorx.das:test --info --tests com.etendorx.das.unit.JsonPathConverterBaseTests
                            ./gradlew :com.etendorx.das:test --info --tests com.etendorx.entities.mapper.lib.JsonPathEntityRetrieverBaseTests
                            """
                            '...DAS TESTS SUCCESSFUL...'
                        } catch (Exception e) {
                            echo 'Exception occurred: ' + e.toString()
                            echo '...DAS TEST FAILED...'
                            currentBuild.result = 'UNSTABLE'
                            unstable('DAS TESTS FAILED!')
                            env.STATUSTEST = "0"
                        }
                        if(fileExists('etendo_rx/modules_core/com.etendorx.das/build/reports/tests/test')) {
                            publishHTML([
                                allowMissing: false,
                                alwaysLinkToLastBuild: false,
                                keepAll: true,
                                reportDir: 'etendo_rx/modules_core/com.etendorx.das/build/reports/tests/test',
                                reportFiles: '*.html',
                                reportName: 'DAS TESTS REPORT',
                                reportTitles: ''
                            ])
                        }
                    }
                }
            }
        }
        stage ("Run Edge Tests") {
            when {
                expression {
                    env.STATUSRX == "1"
                }
            }
            steps {
                container("compiler") {
                    script {
                        try {
                            echo "Starting Edge tests"
                            sh """
                            export DOCKER_HOST=/var/run/docker.sock
                            export JAVA_HOME=/usr/lib/jvm/java-17-openjdk-amd64
                            cd etendo_rx
                            ./gradlew :com.etendorx.edge:test --info
                            """
                            '...EDGE TESTS SUCCESSFUL...'
                        } catch (Exception e) {
                            echo 'Exception occurred: ' + e.toString()
                            echo '...EDGE TEST FAILED...'
                            currentBuild.result = 'UNSTABLE'
                            unstable('EDGE TESTS FAILED!')
                            env.STATUSTEST = "0"
                        }
                        if(fileExists('etendo_rx/modules_core/com.etendorx.edge/build/reports/tests/test')) {
                            publishHTML([
                                allowMissing: false,
                                alwaysLinkToLastBuild: false,
                                keepAll: true,
                                reportDir: 'etendo_rx/modules_core/com.etendorx.edge/build/reports/tests/test',
                                reportFiles: '*.html',
                                reportName: 'EDGE TESTS REPORT',
                                reportTitles: ''
                            ])
                        }
                    }
                }
            }
        }
        stage ("Run Event Handler Tests") {
            when {
                expression {
                    env.STATUSRX == "1"
                }
            }
            steps {
                container("compiler") {
                    script {
                        try {
                            echo "Starting Event Handler tests"
                            sh """
                            export DOCKER_HOST=/var/run/docker.sock
                            export JAVA_HOME=/usr/lib/jvm/java-17-openjdk-amd64
                            cd etendo_rx
                            ./gradlew :com.etendorx.test.eventhandler:test --info
                            """
                            '...EVENT HANDLER TESTS SUCCESSFUL...'
                        } catch (Exception e) {
                            echo 'Exception occurred: ' + e.toString()
                            echo '...EVENT HANDLER TEST FAILED...'
                            currentBuild.result = 'UNSTABLE'
                            unstable('EVENT HANDLER TESTS FAILED!')
                            env.STATUSTEST = "0"
                        }
                        if(fileExists('etendo_rx/modules_test/com.etendorx.test.eventhandler/build/reports/tests/test')) {
                            publishHTML([
                                allowMissing: false,
                                alwaysLinkToLastBuild: false,
                                keepAll: true,
                                reportDir: 'etendo_rx/modules_test/com.etendorx.test.eventhandler/build/reports/tests/test',
                                reportFiles: '*.html',
                                reportName: 'EVENT HANDLER TESTS REPORT',
                                reportTitles: ''
                            ])
                        }
                    }
                }
            }
        }
    }
    post {
        always {
            script {
                echo"proccess is done"
            }
        }
        fixed {
                mail to: EMAIL_ADDRESS,
                subject: "‚úÖ FIXED - ${currentBuild.fullDisplayName}",
                body: """
    ${new Date()}
    __________________________________________________________

    ‚úÖ ERRORS FIXED ‚úÖ

    Commit: ${URL_REPO}/commit/${env.GIT_COMMIT}
    Author: ${COMMIT_AUTHOR_NAME} <${COMMIT_AUTHOR_EMAIL}>

    The problems found in the previous run/s have been fixed! üí™
    Check out the output in the following link:
    ${env.BUILD_URL}
    __________________________________________________________
            """
        }
        failure {
            script {
                sh './pipelines/run-tests/build-update.sh etendo_rx failure "Failed Build Environments" $ACCESS_TOKEN $GIT_COMMIT $BUILD_URL'
                echo "Failed Build Environments"
            }
            cleanWs deleteDirs: true
            mail to: EMAIL_ADDRESS,
            subject: "‚õî ERROR - ${currentBuild.fullDisplayName}",
            body:  """
    ${new Date()}
    __________________________________________________________

    ‚õî ERROR ‚õî

    Commit: ${URL_REPO}/commit/${env.GIT_COMMIT}
    Author: ${COMMIT_AUTHOR_NAME} <${COMMIT_AUTHOR_EMAIL}>

    The build has failed unexpectedly.
    üí° This build was on an Etendo RX environment.
    To more information on the failing run visit:
    ${env.BUILD_URL}
    __________________________________________________________
            """
        }
        unstable {
            script {
                sh './pipelines/run-tests/build-update.sh etendo_rx failure "Failed Tests" $ACCESS_TOKEN $GIT_COMMIT $BUILD_URL'
                echo "Failed Test"
            }
            cleanWs deleteDirs: true
            mail to: EMAIL_ADDRESS,
            subject: "‚ö†Ô∏è TESTS FAILED - ${currentBuild.fullDisplayName}",
            body: """
    ${new Date()}
    __________________________________________________________

    ‚ö†Ô∏è BUILD UNSTABLE ‚ö†Ô∏è

    Commit: ${URL_REPO}/commit/${env.GIT_COMMIT}
    Author: ${COMMIT_AUTHOR_NAME} <${COMMIT_AUTHOR_EMAIL}>

    Tests have been detected that have failed in Etendo RX.
    üí° These tests were run on a Postgres database environment.
    To more information on the failing run visit:
    ${env.BUILD_URL}
    __________________________________________________________
            """
        }
        success {
            script {
                sh './pipelines/run-tests/build-update.sh etendo_rx success "Successful Test Suites" $ACCESS_TOKEN $GIT_COMMIT $BUILD_URL'
                echo "Successful Test"
            }
            cleanWs deleteDirs: true
        }
    }
}
